2024-05-24 12:15:29	INFO	::casa	
2024-05-24 12:15:29	INFO	::casa	Python version 3.10.12
2024-05-24 12:15:29	INFO	::casa	CASA Version MODULAR 6.6.3.22
2024-05-24 12:19:36	INFO	plotms::::casa	##########################################
2024-05-24 12:19:36	INFO	plotms::::casa	##### Begin Task: plotms             #####
2024-05-24 12:19:36	INFO	plotms::::casa	plotms( vis='SGRA.ms', gridrows=1, gridcols=1, rowindex=0, colindex=0, plotindex=0, xaxis='uwave', xdatacolumn='', xframe='', xinterp='', yaxis='vwave', ydatacolumn='', yframe='', yinterp='', yaxislocation='', selectdata=True, field='', spw='', timerange='', uvrange='', antenna='', scan='', correlation='', array='', observation='', intent='', feed='', msselect='', averagedata=True, avgchannel='', avgtime='', avgscan=False, avgfield=False, avgbaseline=False, avgantenna=False, avgspw=False, scalar=False, transform=True, freqframe='', restfreq='', veldef='RADIO', phasecenter='', extendflag=False, extcorr=False, extchannel=False, iteraxis='', xselfscale=False, yselfscale=False, xsharedaxis=False, ysharedaxis=False, customsymbol=[], symbolshape='autoscaling', symbolsize=2, symbolcolor='0000ff', symbolfill='fill', symboloutline=False, coloraxis='', customflaggedsymbol=False, flaggedsymbolshape='circle', flaggedsymbolsize=2, flaggedsymbolcolor='ff0000', flaggedsymbolfill='fill', flaggedsymboloutline=False, xconnector='', timeconnector=False, plotrange=[], title='', titlefont=0, xlabel='', xaxisfont=0, ylabel='', yaxisfont=0, showmajorgrid=False, majorwidth=1, majorstyle='', majorcolor='B0B0B0', showminorgrid=False, minorwidth=1, minorstyle='', minorcolor='D0D0D0', showlegend=False, legendposition='', plotfile='uvc.png', expformat='png', verbose=True, exprange='', highres=False, dpi=-1, width=-1, height=-1, overwrite=True, showgui=False, clearplots=True, callib=[], headeritems='', showatm=False, showtsky=False, showimage=False, colorizeoverlay=False )
2024-05-24 12:19:36	INFO	plotms::::casa	casaplotms started: 0.0.0.0:44419
2024-05-24 12:19:37	INFO	PlotMS::params_changed	Updating: REDRAW, MSDATA, CACHE, AXES, CANVAS, DISPLAY, PAGEHEADER, ITERATION, LOG, PLOTMS_OPTIONS.
2024-05-24 12:19:37	INFO	PlotMS::params_changed	Updating: REDRAW, MSDATA, CACHE, AXES, CANVAS, DISPLAY, PAGEHEADER, ITERATION, LOG, PLOTMS_OPTIONS.
2024-05-24 12:19:37	INFO	PlotMS::params_changed	Updating: REDRAW, MSDATA, CACHE.
2024-05-24 12:19:37	INFO	PlotMS::load_cache	Clearing the existing plotms cache.
2024-05-24 12:19:37	INFO	PlotMS::load_cache	START     Current memory usage: 13728.3 kilobytes.
2024-05-24 12:19:37	INFO	PlotMS::load_cache	Plotting table SGRA.ms
2024-05-24 12:19:37	INFO	PlotMS::load_cache	Caching for the new plot: Vwave(34) vs. Uwave(33)...
2024-05-24 12:19:37	INFO	PlotMS::load_cache	Loading page header cache
2024-05-24 12:19:37	INFO	PlotMS::load_cache	Data selection will yield a total of 249600 points (flagged and unflagged).
2024-05-24 12:19:37	INFO	PlotMS::load_cache+	The plotms cache will require an estimated 0.00749328 GB of memory (30.0212 bytes/point).
2024-05-24 12:19:37	INFO	PlotMS::load_cache+	This is 0.0230336% of the memory avail. to CASA (32.532 GB).
2024-05-24 12:19:37	INFO	PlotMS::load_cache	Loading chunks......
2024-05-24 12:19:39	INFO	PlotMS::load_cache	Generating the plot mask.
2024-05-24 12:19:39	INFO	PlotMS::load_cache	refTime = 2000/01/01/00:00:00.0
2024-05-24 12:19:39	INFO	PlotMS::load_cache	Finished loading.
2024-05-24 12:19:39	INFO	PlotMS::load_cache	Setting up iteration indexing (if necessary), and calculating plot ranges.
2024-05-24 12:19:39	INFO	PlotMS::load_cache	Axes ranges:
2024-05-24 12:19:39	INFO	PlotMS::load_cache+	Uwave: -24331.5 to 24110.6 (unflagged); (no flagged data)
2024-05-24 12:19:39	INFO	PlotMS::load_cache+	Vwave: -15402.1 to 20250.2 (unflagged); (no flagged data)
2024-05-24 12:19:39	WARN	PlotMS::load_cache	For a UV plot, plotms will plot the conjugates of the points in the MS.
2024-05-24 12:19:39	WARN	PlotMS::load_cache+	However, the Locate and Flag functions will not work for these conjugate points!
2024-05-24 12:19:39	WARN	PlotMS::load_cache+	The global ranges above do not include the conjugates.
2024-05-24 12:19:39	INFO	PlotMS::load_cache	Finished indexing.
2024-05-24 12:19:37	INFO	PlotMS::load_cache	END       Time: +2 seconds.  Memory: +10405.3 kilobytes.
2024-05-24 12:19:39	INFO	PlotMS::plot	Plotting 249600 unflagged points.
2024-05-24 12:19:39	INFO	plotms::::casa	Exporting the plot to /home/sunwang/radio-imaging/data/uvc.png
2024-05-24 12:19:39	INFO	QPExporter::export	START     Current memory usage: 24431.2 kilobytes.
2024-05-24 12:19:39	INFO	QPExporter::export	END       Time: +0 seconds.  Memory: -105.172 kilobytes.
2024-05-24 12:19:39	INFO	PlotMS::plot	Exported /home/sunwang/radio-imaging/data/uvc.png
2024-05-24 12:19:39	INFO	plotms::::casa	Task plotms complete. Start time: 2024-05-24 14:19:36.006718 End time: 2024-05-24 14:19:39.289620
2024-05-24 12:19:39	INFO	plotms::::casa	##### End Task: plotms               #####
2024-05-24 12:19:39	INFO	plotms::::casa	##########################################
2024-05-24 12:21:30	INFO	plotms::::casa	Terminating casaplotms, PID: 264659
2024-05-24 12:21:30	INFO	plotms::::casa	Waiting for casaplotms to terminate. Poll return code: None, PID: 264659
2024-05-24 12:21:31	INFO	plotms::::casa	Finished shutting down casaplotms. Poll return code: -15, PID: 264659
