2023-11-27 16:15:17	INFO	::casa	
2023-11-27 16:15:17	INFO	::casa	
2023-11-27 16:15:17	INFO	::casa	
2023-11-27 16:15:17	INFO	::casa	
2023-11-27 16:15:17	INFO	::casa	Python version 3.8.10
2023-11-27 16:15:17	INFO	::casa	CASA Version CASALITH 6.6.0.20
2023-11-27 16:15:17	INFO	::casa	
2023-11-27 16:15:18	INFO	::casa	optional configuration file config.py not found, continuing CASA startup without it
2023-11-27 16:15:18	INFO	::casa	
2023-11-27 16:15:18	INFO	::casa	Checking Measures tables in data repository sub-directory /usr/local/bin/CASA/casa-6.6.0-20-py3.8.el7/lib/py/lib/python3.8/site-packages/casadata/__data__/geodetic
2023-11-27 16:15:18	INFO	::casa	  IERSeop2000 (version date, last date in table (UTC)): 2023/09/01/15:00, 2023/08/02/00:00:00
2023-11-27 16:15:18	INFO	::casa	  IERSeop97 (version date, last date in table (UTC)): 2023/09/01/15:00, 2023/08/02/00:00:00
2023-11-27 16:15:18	INFO	::casa	  IERSpredict (version date, last date in table (UTC)): 2023/09/24/15:00, 2023/12/23/00:00:00
2023-11-27 16:15:18	INFO	::casa	  TAI_UTC (version date, last date in table (UTC)): 2023/09/11/15:00, 2017/01/01/00:00:00
2023-11-27 16:15:26	INFO	plotms::::casa	##########################################
2023-11-27 16:15:26	INFO	plotms::::casa	##### Begin Task: plotms             #####
2023-11-27 16:15:26	INFO	plotms::::casa	plotms( vis='Meerkat_Galactic_center_small_baselines.ms', gridrows=1, gridcols=1, rowindex=0, colindex=0, plotindex=0, xaxis='u', xdatacolumn='', xframe='', xinterp='', yaxis='v', ydatacolumn='', yframe='', yinterp='', yaxislocation='', selectdata=True, field='', spw='', timerange='', uvrange='', antenna='', scan='', correlation='', array='', observation='', intent='', feed='', msselect='', averagedata=True, avgchannel='1', avgtime='', avgscan=False, avgfield=False, avgbaseline=False, avgantenna=False, avgspw=False, scalar=False, transform=True, freqframe='', restfreq='', veldef='RADIO', phasecenter='', extendflag=False, extcorr=False, extchannel=False, iteraxis='', xselfscale=False, yselfscale=False, xsharedaxis=False, ysharedaxis=False, customsymbol=[], symbolshape='autoscaling', symbolsize=2, symbolcolor='0000ff', symbolfill='fill', symboloutline=False, coloraxis='field', customflaggedsymbol=False, flaggedsymbolshape='circle', flaggedsymbolsize=2, flaggedsymbolcolor='ff0000', flaggedsymbolfill='fill', flaggedsymboloutline=False, xconnector='', timeconnector=False, plotrange=[], title='', titlefont=0, xlabel='', xaxisfont=0, ylabel='', yaxisfont=0, showmajorgrid=False, majorwidth=1, majorstyle='', majorcolor='B0B0B0', showminorgrid=False, minorwidth=1, minorstyle='', minorcolor='D0D0D0', showlegend=False, legendposition='', plotfile='', expformat='', verbose=True, exprange='', highres=False, dpi=-1, width=-1, height=-1, overwrite=False, showgui=True, clearplots=True, callib=[], headeritems='', showatm=False, showtsky=False, showimage=False, colorizeoverlay=False )
2023-11-27 16:15:27	INFO	plotms::::casa	casaplotms started: 0.0.0.0:35651
2023-11-27 16:15:27	INFO	PlotMS::params_changed	Updating: REDRAW, MSDATA, CACHE, AXES, CANVAS, DISPLAY, PAGEHEADER, ITERATION, LOG, PLOTMS_OPTIONS.
2023-11-27 16:15:27	INFO	PlotMS::params_changed	Updating: REDRAW, MSDATA, CACHE, AXES, CANVAS, DISPLAY, PAGEHEADER, ITERATION, LOG, PLOTMS_OPTIONS.
2023-11-27 16:15:27	INFO	PlotMS::params_changed	Updating: REDRAW, MSDATA, CACHE, DISPLAY.
2023-11-27 16:15:27	INFO	PlotMS::load_cache	Clearing the existing plotms cache.
2023-11-27 16:15:27	INFO	PlotMS::load_cache	START     Current memory usage: 15099.2 kilobytes.
2023-11-27 16:15:27	INFO	PlotMS::load_cache	Plotting table Meerkat_Galactic_center_small_baselines.ms
2023-11-27 16:15:27	INFO	PlotMS::load_cache	Data Averaging: 
2023-11-27 16:15:27	INFO	PlotMS::load_cache+	 Using VECTOR averaging.
2023-11-27 16:15:27	INFO	PlotMS::load_cache+	 Channel: 1 (fraction of spw)
2023-11-27 16:15:27	INFO	plotms::::casa	Task plotms complete. Start time: 2023-11-27 17:15:26.147509 End time: 2023-11-27 17:15:26.868219
2023-11-27 16:15:27	INFO	plotms::::casa	##### End Task: plotms               #####
2023-11-27 16:15:27	INFO	plotms::::casa	##########################################
2023-11-27 16:15:27	INFO	PlotMS::load_cache	Caching for the new plot: V(31) vs. U(30)...
2023-11-27 16:15:27	INFO	PlotMS::load_cache	Loading page header cache
2023-11-27 16:15:27	INFO	PlotMS::load_cache	Data selection will yield a total of 183337 plottable points (flagged and unflagged).
2023-11-27 16:15:27	INFO	PlotMS::load_cache+	The plotms cache will require an estimated 0.00550539 GB of memory (30.0288 bytes/point).
2023-11-27 16:15:27	INFO	PlotMS::load_cache+	This is 0.0169228% of the memory avail. to CASA (32.5325 GB).
2023-11-27 16:15:27	INFO	PlotMS::load_cache	Loading chunks......
2023-11-27 16:15:28	INFO	PlotMS::load_cache	SPW 0: number of channels averaged = 1
2023-11-27 16:15:28	INFO	PlotMS::load_cache	Generating the plot mask.
2023-11-27 16:15:28	INFO	PlotMS::load_cache	refTime = 2000/01/01/00:00:00.0
2023-11-27 16:15:28	INFO	PlotMS::load_cache	Finished loading.
2023-11-27 16:15:28	INFO	PlotMS::load_cache	Setting up iteration indexing (if necessary), and calculating plot ranges.
2023-11-27 16:15:28	INFO	PlotMS::load_cache	Axes ranges:
2023-11-27 16:15:28	INFO	PlotMS::load_cache+	U: -2227.48 to 2248.27 (unflagged); (no flagged data)
2023-11-27 16:15:28	INFO	PlotMS::load_cache+	V: -2115.27 to 2238.28 (unflagged); (no flagged data)
2023-11-27 16:15:28	WARN	PlotMS::load_cache	For a UV plot, plotms will plot the conjugates of the points in the MS.
2023-11-27 16:15:28	WARN	PlotMS::load_cache+	However, the Locate and Flag functions will not work for these conjugate points!
2023-11-27 16:15:28	WARN	PlotMS::load_cache+	The global ranges above do not include the conjugates.
2023-11-27 16:15:28	INFO	PlotMS::load_cache	Finished indexing.
2023-11-27 16:15:27	INFO	PlotMS::load_cache	END       Time: +1 seconds.  Memory: +8496.02 kilobytes.
2023-11-27 16:15:28	INFO	PlotMS::plot	Plotting 183337 unflagged points.
2023-11-27 16:16:16	INFO	plotms::::casa	##########################################
2023-11-27 16:16:16	INFO	plotms::::casa	##### Begin Task: plotms             #####
2023-11-27 16:16:16	INFO	plotms::::casa	plotms( vis='Meerkat_Galactic_center_long_baselines.ms', gridrows=1, gridcols=1, rowindex=0, colindex=0, plotindex=0, xaxis='u', xdatacolumn='', xframe='', xinterp='', yaxis='v', ydatacolumn='', yframe='', yinterp='', yaxislocation='', selectdata=True, field='', spw='', timerange='', uvrange='', antenna='', scan='', correlation='', array='', observation='', intent='', feed='', msselect='', averagedata=True, avgchannel='1', avgtime='', avgscan=False, avgfield=False, avgbaseline=False, avgantenna=False, avgspw=False, scalar=False, transform=True, freqframe='', restfreq='', veldef='RADIO', phasecenter='', extendflag=False, extcorr=False, extchannel=False, iteraxis='', xselfscale=False, yselfscale=False, xsharedaxis=False, ysharedaxis=False, customsymbol=[], symbolshape='autoscaling', symbolsize=2, symbolcolor='0000ff', symbolfill='fill', symboloutline=False, coloraxis='field', customflaggedsymbol=False, flaggedsymbolshape='circle', flaggedsymbolsize=2, flaggedsymbolcolor='ff0000', flaggedsymbolfill='fill', flaggedsymboloutline=False, xconnector='', timeconnector=False, plotrange=[], title='', titlefont=0, xlabel='', xaxisfont=0, ylabel='', yaxisfont=0, showmajorgrid=False, majorwidth=1, majorstyle='', majorcolor='B0B0B0', showminorgrid=False, minorwidth=1, minorstyle='', minorcolor='D0D0D0', showlegend=False, legendposition='', plotfile='', expformat='', verbose=True, exprange='', highres=False, dpi=-1, width=-1, height=-1, overwrite=False, showgui=True, clearplots=True, callib=[], headeritems='', showatm=False, showtsky=False, showimage=False, colorizeoverlay=False )
2023-11-27 16:16:16	INFO	PlotMS::params_changed	Updating: REDRAW, MSDATA, CACHE, AXES, CANVAS, DISPLAY, PAGEHEADER, ITERATION, LOG, PLOTMS_OPTIONS.
2023-11-27 16:16:16	INFO	PlotMS::params_changed	Updating: REDRAW, MSDATA, CACHE, DISPLAY.
2023-11-27 16:16:16	INFO	PlotMS::load_cache	Clearing the existing plotms cache.
2023-11-27 16:16:17	INFO	PlotMS::load_cache	START     Current memory usage: 15466.4 kilobytes.
2023-11-27 16:16:17	INFO	PlotMS::load_cache	Plotting table Meerkat_Galactic_center_long_baselines.ms
2023-11-27 16:16:17	INFO	PlotMS::load_cache	Data Averaging: 
2023-11-27 16:16:17	INFO	PlotMS::load_cache+	 Using VECTOR averaging.
2023-11-27 16:16:17	INFO	PlotMS::load_cache+	 Channel: 1 (fraction of spw)
2023-11-27 16:16:17	INFO	PlotMS::load_cache	Caching for the new plot: V(31) vs. U(30)...
2023-11-27 16:16:17	INFO	plotms::::casa	Task plotms complete. Start time: 2023-11-27 17:16:16.485505 End time: 2023-11-27 17:16:16.504341
2023-11-27 16:16:17	INFO	plotms::::casa	##### End Task: plotms               #####
2023-11-27 16:16:17	INFO	plotms::::casa	##########################################
2023-11-27 16:16:17	INFO	PlotMS::load_cache	Loading page header cache
2023-11-27 16:16:17	INFO	PlotMS::load_cache	Data selection will yield a total of 76909 plottable points (flagged and unflagged).
2023-11-27 16:16:17	INFO	PlotMS::load_cache+	The plotms cache will require an estimated 0.00231255 GB of memory (30.0687 bytes/point).
2023-11-27 16:16:17	INFO	PlotMS::load_cache+	This is 0.00710844% of the memory avail. to CASA (32.5325 GB).
2023-11-27 16:16:17	INFO	PlotMS::load_cache	Loading chunks......
2023-11-27 16:16:17	INFO	PlotMS::load_cache	SPW 0: number of channels averaged = 1
2023-11-27 16:16:17	INFO	PlotMS::load_cache	Generating the plot mask.
2023-11-27 16:16:17	INFO	PlotMS::load_cache	refTime = 2000/01/01/00:00:00.0
2023-11-27 16:16:17	INFO	PlotMS::load_cache	Finished loading.
2023-11-27 16:16:17	INFO	PlotMS::load_cache	Setting up iteration indexing (if necessary), and calculating plot ranges.
2023-11-27 16:16:17	INFO	PlotMS::load_cache	Axes ranges:
2023-11-27 16:16:17	INFO	PlotMS::load_cache+	U: -7294.41 to 7228.19 (unflagged); (no flagged data)
2023-11-27 16:16:17	INFO	PlotMS::load_cache+	V: -4617.45 to 6070.87 (unflagged); (no flagged data)
2023-11-27 16:16:17	WARN	PlotMS::load_cache	For a UV plot, plotms will plot the conjugates of the points in the MS.
2023-11-27 16:16:17	WARN	PlotMS::load_cache+	However, the Locate and Flag functions will not work for these conjugate points!
2023-11-27 16:16:17	WARN	PlotMS::load_cache+	The global ranges above do not include the conjugates.
2023-11-27 16:16:17	INFO	PlotMS::load_cache	Finished indexing.
2023-11-27 16:16:17	INFO	PlotMS::load_cache	END       Time: +1 seconds.  Memory: +4678.47 kilobytes.
2023-11-27 16:16:17	INFO	PlotMS::plot	Plotting 76909 unflagged points.
2023-11-27 16:16:58	INFO	plotms::::casa	Terminating casaplotms, PID: 462491
2023-11-27 16:16:58	INFO	plotms::::casa	Waiting for casaplotms to terminate. Poll return code: None, PID: 462491
2023-11-27 16:16:59	INFO	plotms::::casa	Finished shutting down casaplotms. Poll return code: -15, PID: 462491
